
> app@0.1.0 build
> next build

▲ Next.js 16.1.1 (Turbopack)
- Environments: .env

⚠ The "middleware" file convention is deprecated. Please use "proxy" instead. Learn more: https://nextjs.org/docs/messages/middleware-to-proxy
  Creating an optimized production build ...

> Build error occurred
Error: Turbopack build failed with 1 errors:
./src/application/actions/edof.actions.ts:2:10
Ecmascript file had an error
[0m [90m 1 |[39m [36mimport[39m { [33mEdofService[39m } [36mfrom[39m [32m'@/application/services/edof.service'[39m[33m;[39m
[31m[1m>[22m[39m[90m 2 |[39m [36mimport[39m { revalidatePath } [36mfrom[39m [32m'next/cache'[39m[33m;[39m
 [90m   |[39m          [31m[1m^[22m[39m[31m[1m^[22m[39m[31m[1m^[22m[39m[31m[1m^[22m[39m[31m[1m^[22m[39m[31m[1m^[22m[39m[31m[1m^[22m[39m[31m[1m^[22m[39m[31m[1m^[22m[39m[31m[1m^[22m[39m[31m[1m^[22m[39m[31m[1m^[22m[39m[31m[1m^[22m[39m[31m[1m^[22m[39m
 [90m 3 |[39m [36mimport[39m { prisma } [36mfrom[39m [32m'@/lib/prisma'[39m[33m;[39m
 [90m 4 |[39m [36mimport[39m { encrypt } [36mfrom[39m [32m'@/lib/crypto'[39m[33m;[39m
 [90m 5 |[39m[0m

You're importing a component that needs "revalidatePath". That only works in a Server Component but one of its parents is marked with "use client", so it's a Client Component.
Learn more: https://nextjs.org/docs/app/building-your-application/rendering



Import traces:
  Client Component Browser:
    ./src/application/actions/edof.actions.ts [Client Component Browser]
    ./src/app/app/learners/page.tsx [Client Component Browser]
    ./src/app/app/learners/page.tsx [Server Component]

  Client Component SSR:
    ./src/application/actions/edof.actions.ts [Client Component SSR]
    ./src/app/app/learners/page.tsx [Client Component SSR]
    ./src/app/app/learners/page.tsx [Server Component]


    at <unknown> (./src/application/actions/edof.actions.ts:2:10)
