
> app@0.1.0 build
> next build

▲ Next.js 16.1.1 (Turbopack)
- Environments: .env

⚠ The "middleware" file convention is deprecated. Please use "proxy" instead. Learn more: https://nextjs.org/docs/messages/middleware-to-proxy
  Creating an optimized production build ...
✓ Compiled successfully in 51s
  Running TypeScript ...
Failed to compile.

./src/app/app/settings/billing/page.tsx:518:45
Type error: Type '"default" | "outline"' is not assignable to type '"link" | "primary" | "secondary" | "outline" | "ghost" | undefined'.
  Type '"default"' is not assignable to type '"link" | "primary" | "secondary" | "outline" | "ghost" | undefined'.

[0m [90m 516 |[39m                                         [33m<[39m[33mButton[39m
 [90m 517 |[39m                                             key[33m=[39m{amt}
[31m[1m>[22m[39m[90m 518 |[39m                                             variant[33m=[39m{topUpAmount [33m===[39m amt [33m?[39m [32m"default"[39m [33m:[39m [32m"outline"[39m}
 [90m     |[39m                                             [31m[1m^[22m[39m
 [90m 519 |[39m                                             className[33m=[39m{topUpAmount [33m===[39m amt [33m?[39m [32m"bg-violet-600"[39m [33m:[39m [32m""[39m}
 [90m 520 |[39m                                             onClick[33m=[39m{() [33m=>[39m setTopUpAmount(amt)}
 [90m 521 |[39m                                         [33m>[39m[0m
Next.js build worker exited with code: 1 and signal: null
